<?xml version="1.0" encoding="UTF-8"?>
<testsuite name="SampleTest1" tests="1" skipped="0" failures="0" errors="0" timestamp="2022-08-12T06:39:01" hostname="LTB0270593-MAC-2.local" time="0.002">
  <properties/>
  <testcase name="helloWorld" classname="SampleTest1" time="0.002"/>
  <system-out><![CDATA[Hello World
]]></system-out>
  <system-err><![CDATA[]]></system-err>
</testsuite>
